This file contains any messages produced by compilers while
running configure, to aid debugging if configure makes a mistake.

It was created by nsspgsql configure 1.1, which was
generated by GNU Autoconf 2.59.  Invocation command line was

  $ ./configure --prefix=/usr --libdir=/lib --mandir=${prefix}/share/man --infodir=${prefix}/share/info --with-docdir=${prefix}/share/doc/libnss-pgsql1 --sysconfdir=/etc

## --------- ##
## Platform. ##
## --------- ##

hostname = typhoon
uname -m = i686
uname -r = 2.6.11.3
uname -s = Linux
uname -v = #11 Tue Mar 15 04:26:50 CET 2005

/usr/bin/uname -p = unknown
/bin/uname -X     = unknown

/bin/arch              = i686
/usr/bin/arch -k       = unknown
/usr/convex/getsysinfo = unknown
hostinfo               = unknown
/bin/machine           = unknown
/usr/bin/oslevel       = unknown
/bin/universe          = unknown

PATH: /home/wichert/bin
PATH: /usr/local/bin
PATH: /usr/local/sbin
PATH: /usr/bin
PATH: /usr/sbin/
PATH: /usr/bin/X11
PATH: /usr/games
PATH: /bin
PATH: /sbin


## ----------- ##
## Core tests. ##
## ----------- ##

configure:1552: checking for a BSD-compatible install
configure:1607: result: /usr/bin/install -c
configure:1618: checking whether build environment is sane
configure:1661: result: yes
configure:1726: checking for gawk
configure:1742: found /usr/bin/gawk
configure:1752: result: gawk
configure:1762: checking whether make sets $(MAKE)
configure:1782: result: yes
configure:2013: checking for gcc
configure:2029: found /usr/bin/gcc
configure:2039: result: gcc
configure:2283: checking for C compiler version
configure:2286: gcc --version </dev/null >&5
gcc (GCC) 3.3.5 (Debian 1:3.3.5-12)
Copyright (C) 2003 Free Software Foundation, Inc.
This is free software; see the source for copying conditions.  There is NO
warranty; not even for MERCHANTABILITY or FITNESS FOR A PARTICULAR PURPOSE.

configure:2289: $? = 0
configure:2291: gcc -v </dev/null >&5
Reading specs from /usr/lib/gcc-lib/i486-linux/3.3.5/specs
Configured with: ../src/configure -v --enable-languages=c,c++,java,f77,pascal,objc,ada,treelang --prefix=/usr --mandir=/usr/share/man --infodir=/usr/share/info --with-gxx-include-dir=/usr/include/c++/3.3 --enable-shared --enable-__cxa_atexit --with-system-zlib --enable-nls --without-included-gettext --enable-clocale=gnu --enable-debug --enable-java-gc=boehm --enable-java-awt=xlib --enable-objc-gc i486-linux
Thread model: posix
gcc version 3.3.5 (Debian 1:3.3.5-12)
configure:2294: $? = 0
configure:2296: gcc -V </dev/null >&5
gcc: `-V' option must have argument
configure:2299: $? = 1
configure:2322: checking for C compiler default output file name

## ---------------- ##
## Cache variables. ##
## ---------------- ##

ac_cv_docdir='${prefix}/share/doc/libnss-pgsql1'
ac_cv_env_CC_set=
ac_cv_env_CC_value=
ac_cv_env_CFLAGS_set=
ac_cv_env_CFLAGS_value=
ac_cv_env_CPPFLAGS_set=
ac_cv_env_CPPFLAGS_value=
ac_cv_env_CPP_set=
ac_cv_env_CPP_value=
ac_cv_env_CXXCPP_set=
ac_cv_env_CXXCPP_value=
ac_cv_env_CXXFLAGS_set=
ac_cv_env_CXXFLAGS_value=
ac_cv_env_CXX_set=
ac_cv_env_CXX_value=
ac_cv_env_F77_set=
ac_cv_env_F77_value=
ac_cv_env_FFLAGS_set=
ac_cv_env_FFLAGS_value=
ac_cv_env_LDFLAGS_set=
ac_cv_env_LDFLAGS_value=
ac_cv_env_build_alias_set=
ac_cv_env_build_alias_value=
ac_cv_env_host_alias_set=
ac_cv_env_host_alias_value=
ac_cv_env_target_alias_set=
ac_cv_env_target_alias_value=
ac_cv_path_install='/usr/bin/install -c'
ac_cv_prog_AWK=gawk
ac_cv_prog_ac_ct_CC=gcc
ac_cv_prog_make_make_set=yes

## ----------------- ##
## Output variables. ##
## ----------------- ##

ACLOCAL='${SHELL} /tmp/debian-1.3/autoconf/missing --run aclocal-1.9'
AMDEPBACKSLASH=''
AMDEP_FALSE=''
AMDEP_TRUE=''
AMTAR='${SHELL} /tmp/debian-1.3/autoconf/missing --run tar'
AR=''
AUTOCONF='${SHELL} /tmp/debian-1.3/autoconf/missing --run autoconf'
AUTOHEADER='${SHELL} /tmp/debian-1.3/autoconf/missing --run autoheader'
AUTOMAKE='${SHELL} /tmp/debian-1.3/autoconf/missing --run automake-1.9'
AWK='gawk'
CC='gcc'
CCDEPMODE=''
CFLAGS=''
CPP=''
CPPFLAGS=''
CXX=''
CXXCPP=''
CXXDEPMODE=''
CXXFLAGS=''
CYGPATH_W='echo'
DEFS=''
DEPDIR=''
ECHO='echo'
ECHO_C=''
ECHO_N='-n'
ECHO_T=''
EGREP=''
EXEEXT=''
F77=''
FFLAGS=''
INSTALL_DATA='${INSTALL} -m 644'
INSTALL_PROGRAM='${INSTALL}'
INSTALL_SCRIPT='${INSTALL}'
INSTALL_STRIP_PROGRAM='${SHELL} $(install_sh) -c -s'
LDFLAGS=''
LIBOBJS=''
LIBS=''
LIBTOOL=''
LN_S=''
LTLIBOBJS=''
MAKEINFO='${SHELL} /tmp/debian-1.3/autoconf/missing --run makeinfo'
OBJEXT=''
PACKAGE='nsspgsql'
PACKAGE_BUGREPORT='libnsspgsql1@packages.debian.org'
PACKAGE_NAME='nsspgsql'
PACKAGE_STRING='nsspgsql 1.1'
PACKAGE_TARNAME='nsspgsql'
PACKAGE_VERSION='1.1'
PATH_SEPARATOR=':'
RANLIB=''
SET_MAKE=''
SHELL='/bin/sh'
STRIP=''
VERSION='1.1'
ac_ct_AR=''
ac_ct_CC='gcc'
ac_ct_CXX=''
ac_ct_F77=''
ac_ct_RANLIB=''
ac_ct_STRIP=''
am__fastdepCC_FALSE=''
am__fastdepCC_TRUE=''
am__fastdepCXX_FALSE=''
am__fastdepCXX_TRUE=''
am__include=''
am__leading_dot='.'
am__quote=''
am__tar='${AMTAR} chof - "$$tardir"'
am__untar='${AMTAR} xf -'
bindir='${exec_prefix}/bin'
build=''
build_alias=''
build_cpu=''
build_os=''
build_vendor=''
datadir='${prefix}/share'
docdir='${prefix}/share/doc/libnss-pgsql1'
exec_prefix='NONE'
host=''
host_alias=''
host_cpu=''
host_os=''
host_vendor=''
includedir='${prefix}/include'
infodir='${prefix}/share/info'
install_sh='/tmp/debian-1.3/autoconf/install-sh'
libdir='/lib'
libexecdir='${exec_prefix}/libexec'
localstatedir='${prefix}/var'
mandir='${prefix}/share/man'
mkdir_p='mkdir -p --'
oldincludedir='/usr/include'
prefix='/usr'
program_transform_name='s,x,x,'
sbindir='${exec_prefix}/sbin'
sharedstatedir='${prefix}/com'
sysconfdir='/etc'
target_alias=''

## ----------- ##
## confdefs.h. ##
## ----------- ##

#define PACKAGE "nsspgsql"
#define PACKAGE_BUGREPORT "libnsspgsql1@packages.debian.org"
#define PACKAGE_NAME "nsspgsql"
#define PACKAGE_STRING "nsspgsql 1.1"
#define PACKAGE_TARNAME "nsspgsql"
#define PACKAGE_VERSION "1.1"
#define VERSION "1.1"

configure: caught signal 2
configure: exit 1
